<?xml version="1.0" encoding="UTF-8"?>
<testsuite name="com.church.backend.BackendApplicationTests" tests="1" skipped="0" failures="0" errors="0" timestamp="2026-01-29T23:26:22.311Z" hostname="Sajifs-MacBook-Pro.local" time="0.274">
  <properties/>
  <testcase name="contextLoads()" classname="com.church.backend.BackendApplicationTests" time="0.274"/>
  <system-out><![CDATA[23:26:21.451 [Test worker] INFO org.springframework.test.context.support.AnnotationConfigContextLoaderUtils -- Could not detect default configuration classes for test class [com.church.backend.BackendApplicationTests]: BackendApplicationTests does not declare any static, non-private, non-final, nested classes annotated with @Configuration.
23:26:21.482 [Test worker] INFO org.springframework.boot.test.context.SpringBootTestContextBootstrapper -- Found @SpringBootConfiguration com.church.backend.BackendApplication for test class com.church.backend.BackendApplicationTests

  .   ____          _            __ _ _
 /\\ / ___'_ __ _ _(_)_ __  __ _ \ \ \ \
( ( )\___ | '_ | '_| | '_ \/ _` | \ \ \ \
 \\/  ___)| |_)| | | | | || (_| |  ) ) ) )
  '  |____| .__|_| |_|_| |_\__, | / / / /
 =========|_|==============|___/=/_/_/_/

 :: Spring Boot ::               (v3.5.10)

2026-01-29T23:26:21.611Z  INFO 53283 --- [church-backend] [    Test worker] c.c.backend.BackendApplicationTests      : Starting BackendApplicationTests using Java 17.0.17 with PID 53283 (started by sajifdan in /Users/sajifdan/Documents/Music_Build1/backend)
2026-01-29T23:26:21.612Z  INFO 53283 --- [church-backend] [    Test worker] c.c.backend.BackendApplicationTests      : No active profile set, falling back to 1 default profile: "default"
2026-01-29T23:26:21.792Z  INFO 53283 --- [church-backend] [    Test worker] .s.d.r.c.RepositoryConfigurationDelegate : Bootstrapping Spring Data JPA repositories in DEFAULT mode.
2026-01-29T23:26:21.799Z  INFO 53283 --- [church-backend] [    Test worker] .s.d.r.c.RepositoryConfigurationDelegate : Finished Spring Data repository scanning in 4 ms. Found 0 JPA repository interfaces.
2026-01-29T23:26:21.900Z  INFO 53283 --- [church-backend] [    Test worker] o.hibernate.jpa.internal.util.LogHelper  : HHH000204: Processing PersistenceUnitInfo [name: default]
2026-01-29T23:26:21.914Z  INFO 53283 --- [church-backend] [    Test worker] org.hibernate.Version                    : HHH000412: Hibernate ORM core version 6.6.41.Final
2026-01-29T23:26:21.922Z  INFO 53283 --- [church-backend] [    Test worker] o.h.c.internal.RegionFactoryInitiator    : HHH000026: Second-level cache disabled
2026-01-29T23:26:21.994Z  INFO 53283 --- [church-backend] [    Test worker] o.s.o.j.p.SpringPersistenceUnitInfo      : No LoadTimeWeaver setup: ignoring JPA class transformer
2026-01-29T23:26:22.002Z  INFO 53283 --- [church-backend] [    Test worker] com.zaxxer.hikari.HikariDataSource       : HikariPool-1 - Starting...
2026-01-29T23:26:22.051Z  INFO 53283 --- [church-backend] [    Test worker] com.zaxxer.hikari.pool.HikariPool        : HikariPool-1 - Added connection conn0: url=jdbc:h2:mem:testdb user=SA
2026-01-29T23:26:22.052Z  INFO 53283 --- [church-backend] [    Test worker] com.zaxxer.hikari.HikariDataSource       : HikariPool-1 - Start completed.
2026-01-29T23:26:22.069Z  INFO 53283 --- [church-backend] [    Test worker] org.hibernate.orm.connections.pooling    : HHH10001005: Database info:
	Database JDBC URL [Connecting through datasource 'HikariDataSource (HikariPool-1)']
	Database driver: undefined/unknown
	Database version: 2.3.232
	Autocommit mode: undefined/unknown
	Isolation level: undefined/unknown
	Minimum pool size: undefined/unknown
	Maximum pool size: undefined/unknown
2026-01-29T23:26:22.155Z  INFO 53283 --- [church-backend] [    Test worker] o.h.e.t.j.p.i.JtaPlatformInitiator       : HHH000489: No JTA platform available (set 'hibernate.transaction.jta.platform' to enable JTA platform integration)
2026-01-29T23:26:22.157Z  INFO 53283 --- [church-backend] [    Test worker] j.LocalContainerEntityManagerFactoryBean : Initialized JPA EntityManagerFactory for persistence unit 'default'
2026-01-29T23:26:22.308Z  INFO 53283 --- [church-backend] [    Test worker] c.c.backend.BackendApplicationTests      : Started BackendApplicationTests in 0.782 seconds (process running for 1.112)
]]></system-out>
  <system-err><![CDATA[]]></system-err>
</testsuite>
